GAS LISTING /tmp/ccghoMv8.s 			page 1


   1               		.file	"main.c"
   2               	__SP_H__ = 0x3e
   3               	__SP_L__ = 0x3d
   4               	__SREG__ = 0x3f
   5               	__tmp_reg__ = 0
   6               	__zero_reg__ = 1
   7               		.stabs	"/media/snigavig/sddrive1/gdrive/projects/space-reality-experience/",100,0,2,.Ltext0
   8               		.stabs	"main.c",100,0,2,.Ltext0
   9               		.text
  10               	.Ltext0:
  11               		.stabs	"gcc2_compiled.",60,0,0,0
  12               		.stabs	"int:t(0,1)=r(0,1);-32768;32767;",128,0,0,0
  13               		.stabs	"char:t(0,2)=@s8;r(0,2);0;255;",128,0,0,0
  14               		.stabs	"long int:t(0,3)=@s32;r(0,3);020000000000;017777777777;",128,0,0,0
  15               		.stabs	"unsigned int:t(0,4)=r(0,4);0;0177777;",128,0,0,0
  16               		.stabs	"long unsigned int:t(0,5)=@s32;r(0,5);0;037777777777;",128,0,0,0
  17               		.stabs	"long long int:t(0,6)=@s64;r(0,6);01000000000000000000000;0777777777777777777777;",128,0,0,
  18               		.stabs	"long long unsigned int:t(0,7)=@s64;r(0,7);0;01777777777777777777777;",128,0,0,0
  19               		.stabs	"short int:t(0,8)=r(0,8);-32768;32767;",128,0,0,0
  20               		.stabs	"short unsigned int:t(0,9)=r(0,9);0;0177777;",128,0,0,0
  21               		.stabs	"signed char:t(0,10)=@s8;r(0,10);-128;127;",128,0,0,0
  22               		.stabs	"unsigned char:t(0,11)=@s8;r(0,11);0;255;",128,0,0,0
  23               		.stabs	"float:t(0,12)=r(0,1);4;0;",128,0,0,0
  24               		.stabs	"double:t(0,13)=r(0,1);4;0;",128,0,0,0
  25               		.stabs	"long double:t(0,14)=r(0,1);4;0;",128,0,0,0
  26               		.stabs	"short _Fract:t(0,15)=r(0,1);1;0;",128,0,0,0
  27               		.stabs	"_Fract:t(0,16)=r(0,1);2;0;",128,0,0,0
  28               		.stabs	"long _Fract:t(0,17)=r(0,1);4;0;",128,0,0,0
  29               		.stabs	"long long _Fract:t(0,18)=r(0,1);8;0;",128,0,0,0
  30               		.stabs	"unsigned short _Fract:t(0,19)=r(0,1);1;0;",128,0,0,0
  31               		.stabs	"unsigned _Fract:t(0,20)=r(0,1);2;0;",128,0,0,0
  32               		.stabs	"unsigned long _Fract:t(0,21)=r(0,1);4;0;",128,0,0,0
  33               		.stabs	"unsigned long long _Fract:t(0,22)=r(0,1);8;0;",128,0,0,0
  34               		.stabs	"_Sat short _Fract:t(0,23)=r(0,1);1;0;",128,0,0,0
  35               		.stabs	"_Sat _Fract:t(0,24)=r(0,1);2;0;",128,0,0,0
  36               		.stabs	"_Sat long _Fract:t(0,25)=r(0,1);4;0;",128,0,0,0
  37               		.stabs	"_Sat long long _Fract:t(0,26)=r(0,1);8;0;",128,0,0,0
  38               		.stabs	"_Sat unsigned short _Fract:t(0,27)=r(0,1);1;0;",128,0,0,0
  39               		.stabs	"_Sat unsigned _Fract:t(0,28)=r(0,1);2;0;",128,0,0,0
  40               		.stabs	"_Sat unsigned long _Fract:t(0,29)=r(0,1);4;0;",128,0,0,0
  41               		.stabs	"_Sat unsigned long long _Fract:t(0,30)=r(0,1);8;0;",128,0,0,0
  42               		.stabs	"short _Accum:t(0,31)=r(0,1);2;0;",128,0,0,0
  43               		.stabs	"_Accum:t(0,32)=r(0,1);4;0;",128,0,0,0
  44               		.stabs	"long _Accum:t(0,33)=r(0,1);8;0;",128,0,0,0
  45               		.stabs	"long long _Accum:t(0,34)=r(0,1);8;0;",128,0,0,0
  46               		.stabs	"unsigned short _Accum:t(0,35)=r(0,1);2;0;",128,0,0,0
  47               		.stabs	"unsigned _Accum:t(0,36)=r(0,1);4;0;",128,0,0,0
  48               		.stabs	"unsigned long _Accum:t(0,37)=r(0,1);8;0;",128,0,0,0
  49               		.stabs	"unsigned long long _Accum:t(0,38)=r(0,1);8;0;",128,0,0,0
  50               		.stabs	"_Sat short _Accum:t(0,39)=r(0,1);2;0;",128,0,0,0
  51               		.stabs	"_Sat _Accum:t(0,40)=r(0,1);4;0;",128,0,0,0
  52               		.stabs	"_Sat long _Accum:t(0,41)=r(0,1);8;0;",128,0,0,0
  53               		.stabs	"_Sat long long _Accum:t(0,42)=r(0,1);8;0;",128,0,0,0
  54               		.stabs	"_Sat unsigned short _Accum:t(0,43)=r(0,1);2;0;",128,0,0,0
  55               		.stabs	"_Sat unsigned _Accum:t(0,44)=r(0,1);4;0;",128,0,0,0
  56               		.stabs	"_Sat unsigned long _Accum:t(0,45)=r(0,1);8;0;",128,0,0,0
  57               		.stabs	"_Sat unsigned long long _Accum:t(0,46)=r(0,1);8;0;",128,0,0,0
GAS LISTING /tmp/ccghoMv8.s 			page 2


  58               		.stabs	"void:t(0,47)=(0,47)",128,0,0,0
  59               		.stabs	"/usr/lib/gcc/avr/4.8.1/include/stdint.h",130,0,0,0
  60               		.stabs	"/usr/lib/avr/include/stdint.h",130,0,0,0
  61               		.stabs	"int8_t:t(2,1)=(0,10)",128,0,121,0
  62               		.stabs	"uint8_t:t(2,2)=(0,11)",128,0,122,0
  63               		.stabs	"int16_t:t(2,3)=(0,1)",128,0,123,0
  64               		.stabs	"uint16_t:t(2,4)=(0,4)",128,0,124,0
  65               		.stabs	"int32_t:t(2,5)=(0,3)",128,0,125,0
  66               		.stabs	"uint32_t:t(2,6)=(0,5)",128,0,126,0
  67               		.stabs	"int64_t:t(2,7)=(0,6)",128,0,128,0
  68               		.stabs	"uint64_t:t(2,8)=(0,7)",128,0,129,0
  69               		.stabs	"intptr_t:t(2,9)=(2,3)",128,0,142,0
  70               		.stabs	"uintptr_t:t(2,10)=(2,4)",128,0,147,0
  71               		.stabs	"int_least8_t:t(2,11)=(2,1)",128,0,159,0
  72               		.stabs	"uint_least8_t:t(2,12)=(2,2)",128,0,164,0
  73               		.stabs	"int_least16_t:t(2,13)=(2,3)",128,0,169,0
  74               		.stabs	"uint_least16_t:t(2,14)=(2,4)",128,0,174,0
  75               		.stabs	"int_least32_t:t(2,15)=(2,5)",128,0,179,0
  76               		.stabs	"uint_least32_t:t(2,16)=(2,6)",128,0,184,0
  77               		.stabs	"int_least64_t:t(2,17)=(2,7)",128,0,192,0
  78               		.stabs	"uint_least64_t:t(2,18)=(2,8)",128,0,199,0
  79               		.stabs	"int_fast8_t:t(2,19)=(2,1)",128,0,213,0
  80               		.stabs	"uint_fast8_t:t(2,20)=(2,2)",128,0,218,0
  81               		.stabs	"int_fast16_t:t(2,21)=(2,3)",128,0,223,0
  82               		.stabs	"uint_fast16_t:t(2,22)=(2,4)",128,0,228,0
  83               		.stabs	"int_fast32_t:t(2,23)=(2,5)",128,0,233,0
  84               		.stabs	"uint_fast32_t:t(2,24)=(2,6)",128,0,238,0
  85               		.stabs	"int_fast64_t:t(2,25)=(2,7)",128,0,246,0
  86               		.stabs	"uint_fast64_t:t(2,26)=(2,8)",128,0,253,0
  87               		.stabs	"intmax_t:t(2,27)=(2,7)",128,0,273,0
  88               		.stabs	"uintmax_t:t(2,28)=(2,8)",128,0,278,0
  89               		.stabn	162,0,0,0
  90               		.stabn	162,0,0,0
  91               		.stabs	"/usr/lib/avr/include/avr/io.h",130,0,0,0
  92               		.stabs	"/usr/lib/avr/include/avr/sfr_defs.h",130,0,0,0
  93               		.stabs	"/usr/lib/avr/include/inttypes.h",130,0,0,0
  94               		.stabs	"int_farptr_t:t(5,1)=(2,5)",128,0,77,0
  95               		.stabs	"uint_farptr_t:t(5,2)=(2,6)",128,0,81,0
  96               		.stabn	162,0,0,0
  97               		.stabn	162,0,0,0
  98               		.stabs	"/usr/lib/avr/include/avr/fuse.h",130,0,0,0
  99               		.stabs	"__fuse_t:t(6,1)=(6,2)=s3low:(0,11),0,8;high:(0,11),8,8;extended:(0,11),16,8;;",128,0,244,0
 100               		.stabn	162,0,0,0
 101               		.stabn	162,0,0,0
 102               		.stabs	"/usr/lib/avr/include/avr/pgmspace.h",130,0,0,0
 103               		.stabs	"/usr/lib/gcc/avr/4.8.1/include/stddef.h",130,0,0,0
 104               		.stabs	"size_t:t(8,1)=(0,4)",128,0,212,0
 105               		.stabn	162,0,0,0
 106               		.stabn	162,0,0,0
 107               		.stabs	"ov7670.h",130,0,0,0
 108               		.stabs	"RESOLUTION:T(9,1)=@s8;eVGA:0,QVGA:1,QQVGA:2,;",128,0,0,0
 109               		.stabs	"COLORSPACE:T(9,2)=@s8;eYUV422:0,RGB565:1,BAYER_RGB:2,;",128,0,0,0
 110               		.stabs	"regval_list:T(9,3)=s2reg_num:(2,2),0,8;value:(2,2),8,8;;",128,0,0,0
 111               		.stabn	162,0,0,0
 112               		.section	.gnu.lto_.jmpfuncs.1f10b530ce6c3f52,"",@progbits
 113 0000 789C 6362 		.string	"x\234cb`b\300\006j\24143\003##3#S5\303\257\206\031\r\002\231\214\f\272\fk\032&\200X\214\2
 113      6062 C006 
GAS LISTING /tmp/ccghoMv8.s 			page 3


 113      6AA1 3433 
 113      0323 2333 
 113      2353 35C3 
 114 005a CFAF 11AB 		.ascii	"\317\257\021\253"
 115               		.text
 116               		.section	.gnu.lto_.inline.1f10b530ce6c3f52,"",@progbits
 117 0000 789C 6362 		.string	"x\234cb`b\300\006\212\24043\003\203\360o6F\006&\205\017\007r\030\330\026\310\203\22532(\2
 117      6062 C006 
 117      8AA0 3433 
 117      0383 F06F 
 117      3646 0626 
 118 005c D9C9 0C34 		.ascii	"\331\311\f4"
 119               		.text
 120               		.section	.gnu.lto_.pureconst.1f10b530ce6c3f52,"",@progbits
 121 0000 789C 6362 		.string	"x\234cb`b`g\200"
 121      6062 6067 
 121      8000 
 122 000a 6606 2B46 		.string	"f\006+F)f3"
 122      2966 3300 
 123 0012 0289 00   		.string	"\002\211"
 124 0015 9D        		.ascii	"\235"
 125               		.text
 126               		.section	.gnu.lto_StringPgm.1f10b530ce6c3f52,"",@progbits
 127 0000 789C 9D52 		.string	"x\234\235R\317k\023A\024~of\177o\332Tz\025\t\005AA\245\"x\023\314\377\320\202z)K\"\313B#%
 127      CF6B 1341 
 127      147E 6F66 
 127      7F6F DA54 
 127      7A15 0905 
 128 007c 84A3 574D 		.ascii	"\204\243WM\020)W\345\263:\032\252n0G\325\315\250\356\250|\326"
 128      1029 57E5 
 128      B33A 1AAA 
 128      6E30 47D5 
 128      CDA8 EEA8 
 129 0092 64B6 4A5B 		.ascii	"d\266J[Q\332V\307f-D\031\001\241\304\270\346\352\206c\332\026"
 129      51DA 56C7 
 129      662D 4419 
 129      01A1 C4B8 
 129      E6EA 8663 
 130 00a8 96CE A294 		.ascii	"\226\316\242\224\244M\301\252\0207z_\266\257\353\342\211\270"
 130      A44D C1AA 
 130      1037 7A5F 
 130      B6AF EBE2 
 130      89B8 
 131 00ba 22C2 B014 		.ascii	"\"\302\260\024 iw\020r\bg0@\234\210\002\033\352G\001\t\321\304"
 131      2069 7710 
 131      7208 6730 
 131      409C 8802 
 131      1BEA 4701 
 132 00d1 9AF8 1386 		.ascii	"\232\370\023\206\264\2053\230\354\303,\005\303Q\260\346\317\317"
 132      B485 3398 
 132      ECC3 2C05 
 132      C351 B0E6 
 132      CFCF 
 133 00e3 8744 A529 		.ascii	"\207D\245)~\207\241It\036\336G\366\037|\036>\034\300\215&l\260"
 133      7E87 A149 
 133      741E DE47 
 133      F61F 7C1E 
GAS LISTING /tmp/ccghoMv8.s 			page 4


 133      3E1C C08D 
 134 00fa 662F 0C3F 		.ascii	"f/\f?,\337jO\356C( p\244I'\316U\234\002\203\342\003\212\226\254"
 134      2CDF 6A4F 
 134      EE43 2820 
 134      70A4 4927 
 134      CE55 9C02 
 135 0114 D8F4 B346 		.ascii	"\330\364\263F?\016\305u\212\256L\246 @mLN\343rJ\313\211\216\325"
 135      3F0E C575 
 135      8AAE 4CA6 
 135      2040 6D4C 
 135      4EE3 724A 
 136 012c A12A 442D 		.ascii	"\241*D-\003\222\235\306\f\315\035\200Y\222\323\001\016\320\005"
 136      0392 9DC6 
 136      0CCD 1D80 
 136      5992 D301 
 136      0ED0 05
 137 013f D747 4E77 		.ascii	"\327GNwN)\016U\023[\260\364\243\262\371\rc\234bW\334@\261N\005"
 137      4E29 0E55 
 137      135B B0F4 
 137      A3B2 F90D 
 137      639C 6257 
 138 0158 1A3E EA3E 		.ascii	"\032>\352>\022\250\rK\350\341#J\312\277\375\\\232\211+G\035\200"
 138      12A8 0D4B 
 138      E8E1 234A 
 138      CABF FD5C 
 138      9A89 2B47 
 139 016e C3F7 C4ED 		.ascii	"\303\367\304\355\323\301\016\300\200\270\224\324\217\252\272"
 139      D3C1 0EC0 
 139      80B8 94D4 
 139      8FAA BA
 140 017d 111F 18DF 		.ascii	"\021\037\030\337C\027\320G\227\321d\331+uC\n\323\200\214\301"
 140      4317 D047 
 140      97D1 64D9 
 140      2B75 430A 
 140      D380 8CC1 
 141 0191 5BF0 F2F9 		.ascii	"[\360\362\371r\275\213IGj!6?b\374X\357\177e\372\217E\217<\275"
 141      72BD 8B49 
 141      476A 2136 
 141      3F62 FC58 
 141      EF7F 65FA 
 142 01aa DB23 EF74 		.ascii	"\333#\357t\224CT\"Rw\341N\371fy\"@S\356\267\232\nn\305\273[P"
 142      9443 5422 
 142      5277 E14E 
 142      F966 7922 
 142      4053 EEB7 
 143 01c5 7951 A977 		.ascii	"yQ\251w\230\207\rB\3718F\bY\327H\rl\301\253\257\345tR\212\362"
 143      9887 0D42 
 143      F938 4608 
 143      59D7 480D 
 143      6CC1 ABAF 
 144 01de 8354 33E8 		.ascii	"\203T3\350\002\371\036ge\007\246lg\373\335U\256\366\017\321\276"
 144      02F9 1E67 
 144      6507 A66C 
 144      67FB DD55 
 144      AEF6 0FD1 
 145 01f3 1EA4 5557 		.ascii	"\036\244UW\007\362\"\214\376E4\272\270C5\276\007\321\217\223"
 145      07F2 228C 
GAS LISTING /tmp/ccghoMv8.s 			page 5


 145      FE45 34BA 
 145      B843 35BE 
 145      07D1 8F93 
 146 0207 DD69 02FC 		.ascii	"\335i\002\374Csz\204f'\326l*\315\225k\225Oo\373\346X\213\314"
 146      4373 7A84 
 146      6627 D66C 
 146      2ACD 956B 
 146      954F 6FFB 
 147 021f B13E 6C0E 		.ascii	"\261>l\016\213\314\221\334\267t\024\265\271\021Q\330\276\324"
 147      8BCC 91DC 
 147      B774 14B5 
 147      B911 51D8 
 147      BED4 
 148 0231 A56C B3B1 		.ascii	"\245l\263\261\027\3338\273\330\306\216tnA\365{YW\n\b3\242\017"
 148      17DB 38BB 
 148      D8C6 8E74 
 148      6E41 F57B 
 148      5957 0A08 
 149 0248 1B9E 1AD4 		.ascii	"\033\236\032\324\206%m\337\201r\357\031K\364\306;\220J\222\302"
 149      8625 6DDF 
 149      8172 EF19 
 149      4BF4 C63B 
 149      904A 92C2 
 150 025c 2C78 C185 		.ascii	",x\301\205c9\260\346\346\274|\276x\374$-\212\347/^\232_L\315"
 150      6339 B0E6 
 150      E6BC 7CBE 
 150      78FC 242D 
 150      8AE7 2F5E 
 151 0274 2F14 3207 		.ascii	"/\0242\007\247\217d\31696\360SE`\227\201\347\275\305\277\227"
 151      A78F 64CE 
 151      3936 F053 
 151      4560 9781 
 151      E7BD C5BF 
 152 0289 4801 8C   		.ascii	"H\001\214"
 153               		.text
 154               		.section	.gnu.lto_captureImg.1f10b530ce6c3f52,"",@progbits
 155 0000 789C 8554 		.string	"x\234\205T=hSQ\024>\347\276$\357?\357\345\247?ii\025\005\321AA\235\03438\270'\240c\315\02
 155      3D68 5351 
 155      143E E7BE 
 155      24EF 3FEF 
 155      E5A7 3F69 
 156 006b C5EC 3B80 		.string	"\305\354;\200\226%\320\320\017\206(\336y\r \235T\307\004\351\025u\274\234\302,\317\230\02
 156      9625 D0D0 
 156      0F86 28DE 
 156      790D 209D 
 156      54C7 04E9 
 157 00fa 3D96 F80C 		.ascii	"=\226\370\fY\372+B\026\347\030\362,)0\024\031\206\bp\230a\204"
 157      59FA 2B42 
 157      16E7 18F2 
 157      2C29 3014 
 157      1986 0870 
 158 0111 FF8E F253 		.ascii	"\377\216\362S\211a\214a\234c\023\f\223\f4\322\320\221r\366\360"
 158      8961 8C61 
 158      9C63 130C 
 158      930C 34D2 
 158      D091 72F6 
 159 0126 1158 90F2 		.ascii	"\021X\220\362\336\312\217\335\343\262\275\"\177F\221\331@!\300"
GAS LISTING /tmp/ccghoMv8.s 			page 6


 159      DECA 8FDD 
 159      E3B2 BD22 
 159      7F46 91D9 
 159      4021 C0
 160 0139 41A8 215C 		.ascii	"A\250!\\\304\006\032\241\232R\373\352XSi*\2046T\351\020\266\361"
 160      C406 1AA1 
 160      9A52 FBEA 
 160      5853 692A 
 160      8436 54E9 
 161 0150 1E3A F317 		.ascii	"\036:\363\027\246p\001\251\270p\003~\311\031\03160]C\245T\221"
 161      A670 01A9 
 161      B870 037E 
 161      C919 1936 
 161      305D 43A5 
 162 0166 3929 CF35 		.ascii	"9)\31750s\022\0361e6\265\207\325\233\267\201\266~\250\242\001"
 162      3073 121E 
 162      3165 36B5 
 162      87D5 9BB7 
 162      81B6 7EA8 
 163 017c 5B60 ACC3 		.ascii	"[`\254\303\213\347\267\227>\242N\\G\363\001\334ouh\225\303K\335"
 163      8BE7 B797 
 163      3EA2 4E5C 
 163      47F3 01DC 
 163      6F75 6895 
 164 0193 132A 83BB 		.ascii	"\023*\203\273\267x\035\332\313\355\353\261t\202\324\314\002\033"
 164      B778 1DDA 
 164      CBED EBB1 
 164      7482 D4CC 
 164      021B 
 165 01a5 ACC2 CB9D 		.ascii	"\254\302\313\235V\220P*\336;*X\204\r\300\n\246\300\306*f\311"
 165      5690 502A 
 165      DE3B 2A58 
 165      840D C00A 
 165      A6C0 C62A 
 166 01bb 1B95 F7D3 		.ascii	"\033\225\367\323\267\211\267}\240\367\265Xj\221\272\307\273\263"
 166      B789 B77D 
 166      A0F7 B558 
 166      6A91 BAC7 
 166      BBB3 
 167 01cd DBF5 B606 		.ascii	"\333\365\266\006x\027\2647U\305$s\037\250\235\264\373\316\247"
 167      7817 B437 
 167      55C5 2473 
 167      1FA8 9DB4 
 167      FBCE A7
 168 01e0 C43D 7FA0 		.ascii	"\304=\177\240\373\315X\352\220Z\271\244b\367\263\t5\300=\017"
 168      FBCD 58EA 
 168      905A B9A4 
 168      62F7 B309 
 168      35C0 3D0F 
 169 01f4 D4CD E49B 		.ascii	"\324\315\344\233!{}\341_\272\027^\374\327\366X\237\355\255\257"
 169      217B 7DE1 
 169      5FBA 175E 
 169      FCD7 F658 
 169      9FED ADAF 
 170 0208 EDCB B174 		.ascii	"\355\313\261t\210\324z+F\034\032\246(/\300@\251)\365\223$\363"
 170      88D4 7A2B 
 170      461C 1AA6 
GAS LISTING /tmp/ccghoMv8.s 			page 7


 170      282F C040 
 170      A929 F593 
 171 021e C8FF 0FD4 		.ascii	"\310\377\017\324\233y\224\324}\231K\024-\301\234\\\224\362O\024"
 171      9B79 94D4 
 171      7D99 4B14 
 171      2DC1 9C5C 
 171      94F2 4F14 
 172 0232 4518 E971 		.ascii	"E\030\351q\227:\030\365\205<K\264cj#%\2355\211\216\023\2416\265"
 172      973A 18F5 
 172      853C 4BB4 
 172      636A 2325 
 172      9D35 898E 
 173 024a D7B5 6A3B 		.ascii	"\327\265j;-i\307\033z\205=;\"y\334\227&\227G\337\323\267\255"
 173      2D69 C71B 
 173      7A85 3D3B 
 173      2279 DC97 
 173      2697 47DF 
 174 0261 E434 9307 		.ascii	"\3444\223\007\226\347a\242-\220\274\247>\324\231I}\n\003\352"
 174      96E7 61A2 
 174      2D90 BCA7 
 174      3ED4 9949 
 174      7D0A 03EA 
 175 0275 9353 F5A9 		.ascii	"\223S\365\251`\250\333\303\242f1\200 \254c\326\371\375\006yS"
 175      60A8 DBC3 
 175      A266 3180 
 175      20AC 63D6 
 175      F9FD 0679 
 176 028a 1E7C 36A9 		.ascii	"\036|6\251e\3323\355\355\356\236ru\024\234OD\221\021w\302\351"
 176      65DA 33ED 
 176      EDEE 9E72 
 176      7514 9C4F 
 176      4491 1177 
 177 02a0 98D4 4CD7 		.ascii	"\230\324L\327g\003D\035C\013iY\270j\260o\300]Y\245\027\322Vv"
 177      6703 441D 
 177      430B 6959 
 177      B86A B06F 
 177      C05D 59A5 
 178 02b8 5E1D DDAC 		.ascii	"^\035\335\2542s\364\333Af\313\335F\361\353\210\375fI\323\343"
 178      3273 F4DB 
 178      4166 CBDD 
 178      46F1 EB88 
 178      FD66 49D3 
 179 02cd 3E33 F2F1 		.ascii	">3\362\361l\002?X48\247K.\037\240\265\271v4\376\206\304\307\247"
 179      6C02 3F58 
 179      3438 A74B 
 179      2E1F A0B5 
 179      B976 34FE 
 180 02e5 8F22 AF34 		.ascii	"\217\"\2574\233S\215\253\247j`\\\251\237\371\013\"PA\302"
 180      9B53 8DAB 
 180      A76A 605C 
 180      A99F F90B 
 180      2250 41C2 
 181               		.text
 182               		.section	.gnu.lto_main.1f10b530ce6c3f52,"",@progbits
 183 0000 789C 8555 		.string	"x\234\205UMH\024a\030~\337ofvV\313u\267\\\363'D\244\020\204\334\216\321\311\360Rt\350\242
 183      4D48 1461 
 183      187E DF6F 
GAS LISTING /tmp/ccghoMv8.s 			page 8


 183      6676 56CB 
 183      75B7 5CF3 
 184 0064 81DD C709 		.string	"\201\335\307\t\372[\362\001\\\240+*\200dx\036 \345'(\211\023\teq\"\213\177\316 \364\021I\
 184      FA5B F201 
 184      5CA0 2B2A 
 184      8064 781E 
 184      20E5 2728 
 185 00b9 8D5F B650 		.ascii	"\215_\266PDhE\002(\315C\352\307|s\f\307i\225\354\337bI\354\246"
 185      4468 4502 
 185      28CD 43EA 
 185      C77C 730C 
 185      C769 95EC 
 186 00d2 064A 1F19 		.ascii	"\006J\037\031#M:\212z\340\013\314\274\031X\032\364\tf\007\312"
 186      234D 3A8A 
 186      7AE0 0BCC 
 186      BC19 581A 
 186      F409 6607 
 187 00e7 6330 9AEA 		.ascii	"c0\232\352G\035\311E\n\3221\340\013\330\344\364\264d3\025Jf7"
 187      471D C945 
 187      0AD2 31E0 
 187      0BD8 E4F4 
 187      B464 3315 
 188 00fe 69D5 3CCC 		.ascii	"i\325<\3149q\303[\337\301J\341\371~\017\252v\024\325\311\177"
 188      3971 C35B 
 188      DFC1 4AE1 
 188      F97E 0FAA 
 188      7614 D5C9 
 189 0113 8DBB 13BE 		.ascii	"\215\273\023\276\315'\364S6\273I\036c\201\214\216\bT\304\231"
 189      CD27 F453 
 189      36BB 491E 
 189      6381 8C8E 
 189      0854 C499 
 190 0127 99D5 7F26 		.ascii	"\231\325\177&\356`\247\f\305\346O\355\344\363\360\315\"zfd\305"
 190      EE60 A70C 
 190      C5E6 4FED 
 190      E4F3 F0CD 
 190      227A 6664 
 191 013c 4BF3 C2A5 		.ascii	"K\363\302\245)\2624\231\225S{K^\272$\371\356\257ow\277\304\271"
 191      29B2 3499 
 191      9553 7B4B 
 191      5EBA 24F9 
 191      EEAF 6F77 
 192 0153 977A EF66 		.ascii	"\227z\357f\004(\231\207Y.\324\214zG/\002V\302\315\200\035%\350"
 192      0428 9987 
 192      592E D48C 
 192      7A47 2F02 
 192      56C2 CD80 
 193 016a A437 78E7 		.ascii	"\2447x\347\013Qr%\214\030\317\214\223\242v\257\224\r\216\224"
 193      0B51 7225 
 193      8C18 CF8C 
 193      93A2 76AF 
 193      940D 8E94 
 194 017e 2180 AFD0 		.ascii	"!\200\257\320\277<\371\360n\215e\326:\030\247\213\371m\356\336"
 194      BF3C F9F0 
 194      6E8D 65D6 
 194      3A18 A78B 
 194      F96D EEDE 
GAS LISTING /tmp/ccghoMv8.s 			page 9


 195 0192 5163 CAB8 		.ascii	"Qc\312\270m\344r}:\312\004N#s1\323*\265|\361\311\316\321\343"
 195      6DE4 727D 
 195      3ACA 044E 
 195      2373 31D3 
 195      2AB5 7CF1 
 196 01aa C207 E6F7 		.ascii	"\302\007\346\367\271\373\352\266P%\320\264\237\320\236\023\363"
 196      B9FB EAB6 
 196      5025 D0B4 
 196      9FD0 9E13 
 196      F3
 197 01bb CE5F B4B2 		.ascii	"\316_\264\262\217\315\376D#m\032\253\271\234\312\263\237\337"
 197      8FCD FE44 
 197      236D 1AAB 
 197      B99C CAB3 
 197      9FDF 
 198 01cd 3F88 D8AC 		.ascii	"?\210\330\254f\017\316-X\243E\004u\364kHb\370\212\317\031\227"
 198      660F CE2D 
 198      58A3 4504 
 198      75F4 6B48 
 198      62F8 8ACF 
 199 01e3 AAC6 C29F 		.ascii	"\252\306\302\237r:\241EV\273'\206\362\317\267\314\331\253\351"
 199      723A A145 
 199      56BB 2786 
 199      F2CF B7CC 
 199      D9AB E9
 200 01f6 026E 0F53 		.ascii	"\002n\017S6\177\300\033\205\036\360\264\323\355a\341\302_7\367"
 200      367F C01B 
 200      851E F0B4 
 200      D3ED 61E1 
 200      C25F 37F7 
 201 020a 3661 C665 		.ascii	"6a\306e\302\263\266o\327\275\274\376\311\313\270\231\005O\315"
 201      C2B3 B66F 
 201      D7BD BCFE 
 201      C9CB B899 
 201      054F CD
 202 021d 4797 066D 		.ascii	"G\227\006m\263\277\037\252\260wX\345\334\212\351j\306\366\273"
 202      B3BF 1FAA 
 202      B077 58E5 
 202      DC8A E96A 
 202      C6F6 BB
 203 0230 A69A B2F9 		.ascii	"\246\232\262\371\273\246\220\363Lg/\252\255)\336\372\354Q\345"
 203      BBA6 90F3 
 203      4C67 2FAA 
 203      AD29 DEFA 
 203      EC51 E5
 204 0243 0757 9515 		.ascii	"\007W\225\025v7\266\274v6\343\322\320\217\001\265x:\273\366\304"
 204      7637 B6BC 
 204      7636 E3D2 
 204      D08F 01B5 
 204      783A BBF6 
 205 0258 67BF 6DF3 		.ascii	"g\277m\363\326(\326,\246\216\007\370 d7\322n\326A\r\345|\274"
 205      D628 D62C 
 205      A68E 07F8 
 205      2064 37D2 
 205      6ED6 410D 
 206 026f 1246 0E08 		.ascii	"\022F\016\b\362\346\242\352\"\227j\302h\234\034$\224\314Gl \273"
 206      F2E6 A2EA 
GAS LISTING /tmp/ccghoMv8.s 			page 10


 206      2297 6AC2 
 206      689C 1C24 
 206      94CC 476C 
 207 0285 B588 2EF2 		.ascii	"\265\210.\362!\r}y\362\341\220X*\251\246L\364\270\225\226G\277"
 207      210D 7D79 
 207      F2E1 9058 
 207      2AA9 A64C 
 207      F4B8 9596 
 208 029b 5212 D34F 		.ascii	"R\022\323O<u'\013k\250\346\365\345\206\"\326\254D#\034\021\021"
 208      3C75 270B 
 208      6BA8 E6F5 
 208      E586 22D6 
 208      AC44 231C 
 209 02b1 5A68 E934 		.ascii	"Zh\3514\002\266\330c\241&bzg\243\006\262\026\327\351E{\342ZW"
 209      02B6 D863 
 209      A126 627A 
 209      67A3 06B2 
 209      16D7 E945 
 210 02c9 2FD4 457A 		.ascii	"/\324Ez\222]\221\270~9\022\273\321\025\321;\265xO[{\244\247["
 210      925D 91B8 
 210      7E39 12BB 
 210      D115 D13B 
 210      B578 4F5B 
 211 02e1 8F47 DADA 		.ascii	"\217G\332\332\343\261\336\306+\240D\243\335\211\353\305\024u"
 211      E3B1 DEC6 
 211      2BA0 44A3 
 211      DD89 EBC5 
 211      1475 
 212 02f3 ED6A 32DA 		.ascii	"\355j2\332\246\311\321h\"\371\037H\367\245\r"
 212      A6C9 D168 
 212      22F9 1F48 
 212      F7A5 0D
 213               		.text
 214               		.section	.gnu.lto_.symbol_nodes.1f10b530ce6c3f52,"",@progbits
 215 0000 789C 6362 		.string	"x\234cb`bX\303"
 215      6062 58C3 
 215      00
 216 0009 054C 1CF5 		.string	"\005L\034\365\f\f\023\31610\324\327\317\355Hd\342\254gD\360X\005\031X\352\231\231\270\352
 216      0C0C 13CE 
 216      3130 D4D7 
 216      CFED 4864 
 216      E2AC 6744 
 217 007a 3DA8 30BE 		.ascii	"=\2500\276"
 218               		.text
 219               		.section	.gnu.lto_.refs.1f10b530ce6c3f52,"",@progbits
 220 0000 789C 6362 		.string	"x\234cb`b`e\200"
 220      6062 6065 
 220      8000 
 221 000a 4646 2626 		.string	"FF&&\006"
 221      0600 
 222 0010 00        		.string	""
 223 0011 A500      		.string	"\245"
 224 0013 10        		.ascii	"\020"
 225               		.text
 226               		.section	.gnu.lto_.decls.1f10b530ce6c3f52,"",@progbits
 227 0000 789C 9D56 		.string	"x\234\235Vml\024E\030\236w\356\332\353\266\005?\242\2441\n\204"
 227      6D6C 1445 
GAS LISTING /tmp/ccghoMv8.s 			page 11


 227      189E 77EE 
 227      DAEB B605 
 227      3FA2 A431 
 228 0017 89FC A050 		.string	"\211\374\240P\244\360\013\201J\b\t\241p\265(\376p\263\\/\307\305\273+\336]!\370\247s\224/
 228      A4F0 0B81 
 228      4A08 09A1 
 228      70B5 28FE 
 228      70B3 5C2F 
 229 008f 6500      		.string	"e"
 230 0091 E518 311A 		.string	"\345\0301\032\327;\216\222G9\213\362-\312\005\224\037P.\241\374\202\202n\311\257\304\336\
 230      D73B 8E92 
 230      4739 8BF2 
 230      2DCA 0594 
 230      1F50 2EA1 
 231 00ff 181C 5EE4 		.ascii	"\030\034^\344\334\201\221\3639\316\205\300<X\304+\217W\013\006"
 231      DC81 91F3 
 231      39CE 85C0 
 231      3C58 C42B 
 231      8F57 0B06 
 232 0113 8797 04A7 		.ascii	"\207\227\004\247\027\004\307yR\332\352\310V\306\326\263\336\f"
 232      1704 C779 
 232      52DA EAC8 
 232      56C6 D6B3 
 232      DE0C 
 233 0125 BB6F E768 		.ascii	"\273o\347h\211l\341\003\266\255\267~'\202{\022\024\300\271\032"
 233      896C E103 
 233      B6AD B77E 
 233      2782 7B12 
 233      14C0 B91A 
 234 0139 BD53 2FE9 		.ascii	"\275S/\3519L\"}\214\261,cPPf\365\r\356\272\n\354\205I\370\333"
 234      394C 227D 
 234      8CB1 2C63 
 234      5050 66F5 
 234      0DEE BA0A 
 235 0152 0792 1E8B 		.ascii	"\007\222\036\213\377e\364\315\236\006\234I\n.\300t\373\362\226"
 235      FF65 F4CD 
 235      9E06 9C49 
 235      0A2E C074 
 235      FBF2 96
 236 0165 22E6 DD66 		.ascii	"\"\346\335fL*\254vC\235\351B\2004\322s\267\3203\312\252\257h"
 236      4C2A AC76 
 236      439D E942 
 236      8034 D273 
 236      B7D0 33CA 
 237 017c 5728 637E 		.ascii	"W(c~\005\366\001\237\237\fd\n\331o\244z\265\316\025\\\225T2V"
 237      05F6 019F 
 237      9F0C 640A 
 237      D96F A47A 
 237      B5CE 155C 
 238 0194 603F 4C11 		.ascii	"`?L\021(\253$\253\243i\276\002\026NXYv\263\271\353\001\234\352"
 238      28AB 24AB 
 238      A369 BE02 
 238      164E 5859 
 238      76B3 B9EB 
 239 01ab D771 3443 		.ascii	"\327q4C\301\251\021\005\034Q\301\036\265@\222\340(@6\351A3\031"
 239      C1A9 1105 
 239      1C51 C11E 
GAS LISTING /tmp/ccghoMv8.s 			page 12


 239      B540 92E0 
 239      2840 36E9 
 240 01c2 CFA0 94CC 		.ascii	"\317\240\224\314\341A\016@@x2\326X=\274i\006\243\306<\261\201"
 240      E141 0E40 
 240      4078 32D6 
 240      583D BC69 
 240      06A3 C63C 
 241 01d8 B035 1F27 		.ascii	"\2605\037'\221\2226\320]\372%k\352\251\302\024\024)*\205Y*<\374"
 241      9192 36D0 
 241      5DFA 256B 
 241      EAA9 C214 
 241      1429 2A85 
 242 01f0 6FD8 CF70 		.ascii	"o\330\317p\330\003\016\3309\334\317\346\374\235a\257)\205\375"
 242      D803 0ED8 
 242      39DC CFE6 
 242      FC9D 61AF 
 242      2985 FD
 243 0203 9C2B ECEE 		.ascii	"\234+\354\356\212`\213%V3lb\021\354\361&l\277\265\335N\233\333"
 243      8A60 8B25 
 243      5633 6C62 
 243      11EC F126 
 243      6CBF B5DD 
 244 021a ED98 BECC 		.ascii	"\355\230\276\314\033\301\271\316\001\307:\007\354\353\034\220"
 244      1BC1 B9CE 
 244      01C7 3A07 
 244      ECEB 1C90 
 245 022a AC0E 3F8B 		.ascii	"\254\016?\213\361(\036G\336f\271+\352\247\203;\036\332\310T\226"
 245      F128 1E47 
 245      DE66 B92B 
 245      EAA7 833B 
 245      1EDA C854 
 246 023f D3B4 47C9 		.ascii	"\323\264G\311\030\362:\343-\303\346>\253\300\234\373]\231\344"
 246      18F2 3AE3 
 246      2DC3 E63E 
 246      ABC0 9CFB 
 246      5D99 E4
 247 0252 EE4F C018 		.ascii	"\356O\300\030\213\027\263\210\024h\367\025 P\262\303\001r\"\331"
 247      8B17 B388 
 247      1468 F715 
 247      2050 B2C3 
 247      0172 22D9 
 248 0266 CBD8 ABEC 		.ascii	"\313\330\253\354\r\f\001`XP\322\253+\035\207q\256\305V(\316\311"
 248      0D0C 0160 
 248      5850 D2AB 
 248      2B1D 8771 
 248      AEC5 5628 
 249 027c E41D 8EEB 		.ascii	"\344\035\216\353({W\267EdD\230\331\262\376\034h\361\204\221b"
 249      287B 57B7 
 249      4564 4498 
 249      D9B2 FE1C 
 249      68F1 8491 
 250 0291 EEFA 768C 		.ascii	"\356\372v\214\230a\232\326]q~\203\316\374x\231\333\006z\307\226"
 250      9861 9AD6 
 250      5D71 7E83 
 250      CEFC 7899 
 250      DB06 7AC7 
 251 02a6 6F9F 7BBE 		.ascii	"o\237{\276\257\211|\215\203\342\240\256\224\367\314Ww-,\217\332"
GAS LISTING /tmp/ccghoMv8.s 			page 13


 251      AF89 7C8D 
 251      83E2 A0AE 
 251      94F7 CC57 
 251      772D 2C8F 
 252 02bb 2C3F A8C4 		.ascii	",?\250\304\322\213\251\274\223\251\257J\231\352\3751\367\326"
 252      D28B A9BC 
 252      93A9 AF4A 
 252      99EA FD31 
 252      F7D6 
 253 02cd 1753 580F 		.ascii	"\027SX\017\373W\323\300\316\024\356c/\246\276\026LYd(\260\234"
 253      FB57 D3C0 
 253      CE14 EE63 
 253      2FA6 BE16 
 253      4C59 6428 
 254 02e3 3A2A 4980 		.ascii	":*I\200\332\272=gV\217\002g=2\261|8\360\251Y\365\360\311\367"
 254      DABA 3D67 
 254      568F 0267 
 254      3D32 B17C 
 254      38F0 A959 
 255 02fb AB72 8798 		.ascii	"\253r\207\230\252i\343*\337\253\347\234k\331_\274\226\375\256"
 255      AA69 E32A 
 255      DFAB E79C 
 255      6BD9 5FBC 
 255      96FD AE
 256 030e 6BF9 9163 		.ascii	"k\371\221c-MT\347KiS\263\271\201\355l\303\b7\330E'(\343<\265"
 256      2D4D 54E7 
 256      4B69 53B3 
 256      B981 ED6C 
 256      C308 37D8 
 257 0328 8138 EA01 		.ascii	"\2018\352\001\342{W\020\037\217\034\204\352\0041P\n\"\357\001"
 257      E27B 5710 
 257      1F8F 1C84 
 257      EA04 3150 
 257      0A22 EF01 
 258 033c E227 5710 		.ascii	"\342'W\020GF\016\342r\311\006\242d\310#\350\317nA\325\253\247"
 258      4746 0EE2 
 258      72C9 06A2 
 258      64C8 23E8 
 258      CF6E 41D5 
 259 0352 862F C119 		.ascii	"\206/\301\031\226}\221\335\322\264\315\300\330\304\212\203\017"
 259      967D 91DD 
 259      D2B4 CDC0 
 259      D8C4 8A83 
 259      0F
 260 0363 3B19 D0CF 		.ascii	";\031\320\317M\033\001\177\273b\261\265\td7\033\032\302\243\264"
 260      4D1B 017F 
 260      BB62 B1B5 
 260      0964 371B 
 260      1AC2 A3B4 
 261 0377 EFC1 CD78 		.ascii	"\357\301\315x\224f\261\202\272\341\036\222\345\020\360pg\200"
 261      9466 B182 
 261      BAE1 1E92 
 261      E510 F070 
 261      6780 
 262 0389 20F6 80E4 		.ascii	" \366\200\344z\300\023\342P\354\363TT\340w\364\312\233~q0\361"
 262      7AC0 13E2 
 262      50EC F354 
GAS LISTING /tmp/ccghoMv8.s 			page 14


 262      54E0 77F4 
 262      CA9B 7E71 
 263 039f 4ED1 35BC 		.ascii	"N\3215\274\0367\177\024=\211\352%\253\343+\202oi\361S\233:\216"
 263      1E37 7F14 
 263      3D89 EA25 
 263      ABE3 2B82 
 263      6F69 F153 
 264 03b6 9922 10E2 		.ascii	"\231\"\020\342r{\323z\201Q\262O\f\306\222\203t\027\3339W\201"
 264      727B D37A 
 264      8151 B24F 
 264      0CC6 9283 
 264      7417 DB39 
 265 03cc DF74 9022 		.ascii	"\337t\220\"\253\\iV\rv\f\n\\\033qV\327=\2622w\207\b\336[\032"
 265      AB5C 6956 
 265      0D76 0C0A 
 265      5C1B 7156 
 265      D73D B232 
 266 03e6 BCC4 D58D 		.ascii	"\274\304\325\215\021\007\377\323#\270I\212\356\251\247\354\303"
 266      1107 FFD3 
 266      23B8 498A 
 266      EEA9 A7EC 
 266      C3
 267 03f7 4D81 F7F4 		.ascii	"M\201\367\364\247\356\035^c\266\327\266\0027\313\244q\313z\304"
 267      A7EE 1D5E 
 267      63B6 D7B6 
 267      0237 CBA4 
 267      71CB 7AC4 
 268 040b 8A5B EFCC 		.ascii	"\212[\357\314\241\207\215\263<\263\001*\256\207\277\334"
 268      A187 8DB3 
 268      3CB3 012A 
 268      AE87 BFDC 
 269 041b CE4A 4741 		.string	"\316JGA|H]\357\271]\333\214\333\312x\210~\246+\335\266\266\221#\377~\333m\365\235\375\266
 269      7C48 5DEF 
 269      B95D DB8C 
 269      DBCA 7888 
 269      7EA6 2BDD 
 270 051c 1FCF 96D3 		.ascii	"\037\317\226\323\265-\255\213[\203mK\347\265,\220:\327\314j\236"
 270      B52D AD8B 
 270      5B83 6D4B 
 270      E7B5 2C90 
 270      3AD7 CC6A 
 271 0531 350D 95AB 		.ascii	"5\r\225\253W\264/\177\244\251\251:\270p\376\314\346\231\322\374"
 271      57B4 2F7F 
 271      A4A9 A93A 
 271      B870 FECC 
 271      E699 D2FC 
 272 0545 792B 1604 		.ascii	"y+\026\004e\034\324\006\027\264\265.n\177|Q\353\022\337\362\205"
 272      651C D406 
 272      17B4 B52E 
 272      6E7F 7C51 
 272      EB12 DFF2 
 273 055a F3FC CBF0 		.ascii	"\363\374\313\360\247j\031\377\325\335\317h\222\323\201\270\022"
 273      A76A 19FF 
 273      D5DD CF68 
 273      92D3 81B8 
 273      12
 274 056b 4D4C 0D11 		.ascii	"ML\r\021\251-\235\214&\"K#q_*\235\254\r)\253\323]\311\360\242"
GAS LISTING /tmp/ccghoMv8.s 			page 15


 274      A92D 9D8C 
 274      2622 4B23 
 274      715F 2A9D 
 274      AC0D 29AB 
 275 0584 7884 AE8D 		.ascii	"x\204\256\215\320U\221\252\265\311`82*\025N\267t\306:\223m\253"
 275      D055 91AA 
 275      B5C9 6038 
 275      322A 154E 
 275      B774 C63A 
 276 059b 9550 B81A 		.ascii	"\225P\270\032G\301p*\020R\342\213\022\321\364\004\327\204\272"
 276      47C1 702A 
 276      1052 E28B 
 276      12D1 F404 
 276      D784 BA
 277 05ae D2D1 5863 		.ascii	"\322\321XcG8\246\254C\234\017\310\362\312\256h,\035M\310\250"
 277      4738 A6AC 
 277      439C 0FC8 
 277      F2CA AE68 
 277      2C1D 4DC8 
 278 05c3 23EB D372 		.ascii	"#\353\323rh](\026N\371d9T'\313\253\223\235\221x8.\31358\236:"
 278      685D 2816 
 278      4EF9 6439 
 278      5427 CBAB 
 278      939D 9178 
 279 05de 7D76 53B3 		.ascii	"}vS\263?\370\330\n\"\245\302\311\250\022{\"9\337\327\241\244"
 279      3FF8 D80A 
 279      22A5 C2C9 
 279      A812 7B22 
 279      39DF D7A1 
 280 05f3 2561 194F 		.ascii	"%a\031O\215Rbk\225u)9\232\210E\023a\277\214S\377\001@\336[Y"
 280      8D52 626B 
 280      9575 2939 
 280      9A88 4513 
 280      61BF 8C53 
 281               		.text
 282               		.section	.gnu.lto_.symtab.1f10b530ce6c3f52,"",@progbits
 283 0000 6D61 696E 		.string	"main"
 283      00
 284 0005 00        		.string	""
 285 0006 00        		.string	""
 286 0007 00        		.string	""
 287 0008 00        		.string	""
 288 0009 00        		.string	""
 289 000a 00        		.string	""
 290 000b 00        		.string	""
 291 000c 00        		.string	""
 292 000d 00        		.string	""
 293 000e 00        		.string	""
 294 000f 00        		.string	""
 295 0010 D300      		.string	"\323"
 296 0012 00        		.string	""
 297 0013 00        		.string	""
 298 0014 7772 5265 		.string	"wrReg"
 298      6700 
 299 001a 00        		.string	""
 300 001b 0200      		.string	"\002"
 301 001d 00        		.string	""
GAS LISTING /tmp/ccghoMv8.s 			page 16


 302 001e 00        		.string	""
 303 001f 00        		.string	""
 304 0020 00        		.string	""
 305 0021 00        		.string	""
 306 0022 00        		.string	""
 307 0023 00        		.string	""
 308 0024 00        		.string	""
 309 0025 D600      		.string	"\326"
 310 0027 00        		.string	""
 311 0028 00        		.string	""
 312 0029 7365 7443 		.string	"setColorSpace"
 312      6F6C 6F72 
 312      5370 6163 
 312      6500 
 313 0037 00        		.string	""
 314 0038 0200      		.string	"\002"
 315 003a 00        		.string	""
 316 003b 00        		.string	""
 317 003c 00        		.string	""
 318 003d 00        		.string	""
 319 003e 00        		.string	""
 320 003f 00        		.string	""
 321 0040 00        		.string	""
 322 0041 00        		.string	""
 323 0042 DB00      		.string	"\333"
 324 0044 00        		.string	""
 325 0045 00        		.string	""
 326 0046 7365 7452 		.string	"setRes"
 326      6573 00
 327 004d 00        		.string	""
 328 004e 0200      		.string	"\002"
 329 0050 00        		.string	""
 330 0051 00        		.string	""
 331 0052 00        		.string	""
 332 0053 00        		.string	""
 333 0054 00        		.string	""
 334 0055 00        		.string	""
 335 0056 00        		.string	""
 336 0057 00        		.string	""
 337 0058 DF00      		.string	"\337"
 338 005a 00        		.string	""
 339 005b 00        		.string	""
 340 005c 6361 6D49 		.string	"camInit"
 340      6E69 7400 
 341 0064 00        		.string	""
 342 0065 0200      		.string	"\002"
 343 0067 00        		.string	""
 344 0068 00        		.string	""
 345 0069 00        		.string	""
 346 006a 00        		.string	""
 347 006b 00        		.string	""
 348 006c 00        		.string	""
 349 006d 00        		.string	""
 350 006e 00        		.string	""
 351 006f E300      		.string	"\343"
 352 0071 00        		.string	""
 353 0072 00        		.string	""
GAS LISTING /tmp/ccghoMv8.s 			page 17


 354               		.text
 355               		.section	.gnu.lto_.opts,"",@progbits
 356 0000 272D 6D6D 		.string	"'-mmcu=atmega328p' '-g' '-O2' '-flto' '-fpack-struct' '-funsigned-char'"
 356      6375 3D61 
 356      746D 6567 
 356      6133 3238 
 356      7027 2027 
 357               		.text
 358               		.section	.text.startup,"ax",@progbits
 359               		.stabs	"main:F(0,1)",36,0,101,main
 360               	.global	main
 361               		.type	main, @function
 362               	main:
 363               		.stabd	46,0,0
   1:main.c        **** #define F_CPU 16000000UL
   2:main.c        **** #include <stdint.h>
   3:main.c        **** #include <avr/io.h>
   4:main.c        **** #include <avr/interrupt.h>
   5:main.c        **** #include <util/twi.h>
   6:main.c        **** #include <util/delay.h>
   7:main.c        **** #include <avr/pgmspace.h>
   8:main.c        **** #include "ov7670.h"
   9:main.c        **** /* Configuration: this lets you easily change between different resolutions
  10:main.c        ****  * You must only uncomment one
  11:main.c        ****  * no more no less*/
  12:main.c        **** #define useVga
  13:main.c        **** //#define useQvga
  14:main.c        **** //#define useQqvga
  15:main.c        **** 
  16:main.c        **** static inline void serialWrB(uint8_t dat){
  17:main.c        **** 	while(!( UCSR0A & (1<<UDRE0)));//wait for byte to transmit
  18:main.c        **** 	UDR0=dat;
  19:main.c        **** 	while(!( UCSR0A & (1<<UDRE0)));//wait for byte to transmit
  20:main.c        **** }
  21:main.c        **** static void StringPgm(const char * str){
  22:main.c        **** 	do{
  23:main.c        **** 		serialWrB(pgm_read_byte_near(str));
  24:main.c        **** 	}while(pgm_read_byte_near(++str));
  25:main.c        **** }
  26:main.c        **** static void captureImg(uint16_t wg,uint16_t hg){
  27:main.c        **** 	uint16_t lg2;
  28:main.c        **** #ifdef useQvga
  29:main.c        **** 	uint8_t buf[640];
  30:main.c        **** #elif defined(useQqvga)
  31:main.c        **** 	uint8_t buf[320];
  32:main.c        **** #endif
  33:main.c        **** 	StringPgm(PSTR("RDY"));
  34:main.c        **** 	//Wait for vsync it is on pin 3 (counting from 0) portD
  35:main.c        **** 	while(!(PIND&8));//wait for high
  36:main.c        **** 	while((PIND&8));//wait for low
  37:main.c        **** #ifdef useVga
  38:main.c        **** 	while(hg--){
  39:main.c        **** 		lg2=wg;
  40:main.c        **** 		while(lg2--){
  41:main.c        **** 			while((PIND&4));//wait for low
  42:main.c        **** 			UDR0=(PINC&15)|(PIND&240);
  43:main.c        **** 			while(!(PIND&4));//wait for high
GAS LISTING /tmp/ccghoMv8.s 			page 18


  44:main.c        **** 		}
  45:main.c        **** 	}
  46:main.c        **** #elif defined(useQvga)
  47:main.c        **** 	/*We send half of the line while reading then half later */
  48:main.c        **** 	while(hg--){
  49:main.c        **** 		uint8_t*b=buf,*b2=buf;
  50:main.c        **** 		lg2=wg/2;
  51:main.c        **** 		while(lg2--){
  52:main.c        **** 			while((PIND&4));//wait for low
  53:main.c        **** 			*b++=(PINC&15)|(PIND&240);
  54:main.c        **** 			while(!(PIND&4));//wait for high
  55:main.c        **** 			while((PIND&4));//wait for low
  56:main.c        **** 			*b++=(PINC&15)|(PIND&240);
  57:main.c        **** 			UDR0=*b2++;
  58:main.c        **** 			while(!(PIND&4));//wait for high
  59:main.c        **** 		}
  60:main.c        **** 		/* Finish sending the remainder during blanking */
  61:main.c        **** 		lg2=wg/2;
  62:main.c        **** 		while(!( UCSR0A & (1<<UDRE0)));//wait for byte to transmit
  63:main.c        **** 		while(lg2--){
  64:main.c        **** 			UDR0=*b2++;
  65:main.c        **** 			while(!( UCSR0A & (1<<UDRE0)));//wait for byte to transmit
  66:main.c        **** 		}
  67:main.c        **** 	}
  68:main.c        **** #else
  69:main.c        **** 	/* This code is very similar to qvga sending code except we have even more blanking time to take a
  70:main.c        **** 	while(hg--){
  71:main.c        **** 		uint8_t*b=buf,*b2=buf;
  72:main.c        **** 		lg2=wg/5;
  73:main.c        **** 		while(lg2--){
  74:main.c        **** 			while((PIND&4));//wait for low
  75:main.c        **** 			*b++=(PINC&15)|(PIND&240);
  76:main.c        **** 			while(!(PIND&4));//wait for high
  77:main.c        **** 			while((PIND&4));//wait for low
  78:main.c        **** 			*b++=(PINC&15)|(PIND&240);
  79:main.c        **** 			while(!(PIND&4));//wait for high
  80:main.c        **** 			while((PIND&4));//wait for low
  81:main.c        **** 			*b++=(PINC&15)|(PIND&240);
  82:main.c        **** 			while(!(PIND&4));//wait for high
  83:main.c        **** 			while((PIND&4));//wait for low
  84:main.c        **** 			*b++=(PINC&15)|(PIND&240);
  85:main.c        **** 			while(!(PIND&4));//wait for high
  86:main.c        **** 			while((PIND&4));//wait for low
  87:main.c        **** 			*b++=(PINC&15)|(PIND&240);
  88:main.c        **** 			UDR0=*b2++;
  89:main.c        **** 			while(!(PIND&4));//wait for high
  90:main.c        **** 		}
  91:main.c        **** 		/* Finish sending the remainder during blanking */
  92:main.c        **** 		lg2=320-(wg/5);
  93:main.c        **** 		while(!( UCSR0A & (1<<UDRE0)));//wait for byte to transmit
  94:main.c        **** 		while(lg2--){
  95:main.c        **** 			UDR0=*b2++;
  96:main.c        **** 			while(!( UCSR0A & (1<<UDRE0)));//wait for byte to transmit
  97:main.c        **** 		}
  98:main.c        **** 	}
  99:main.c        **** #endif
 100:main.c        **** }
GAS LISTING /tmp/ccghoMv8.s 			page 19


 101:main.c        **** int main(void){
 364               		.stabn	68,0,101,.LM0-.LFBB1
 365               	.LM0:
 366               	.LFBB1:
 367               	/* prologue: function */
 368               	/* frame size = 0 */
 369               	/* stack size = 0 */
 370               	.L__stack_usage = 0
 102:main.c        **** 	cli();//disable interrupts
 371               		.stabn	68,0,102,.LM1-.LFBB1
 372               	.LM1:
 373               	/* #APP */
 374               	 ;  102 "main.c" 1
 375 0000 F894      		cli
 376               	 ;  0 "" 2
 103:main.c        **** 	/* Setup the 8mhz PWM clock 
 104:main.c        **** 	 * This will be on pin 11*/
 105:main.c        **** 	DDRB|=(1<<3);//pin 11
 377               		.stabn	68,0,105,.LM2-.LFBB1
 378               	.LM2:
 379               	/* #NOAPP */
 380 0002 239A      		sbi 0x4,3
 106:main.c        **** 	ASSR &= ~(_BV(EXCLK) | _BV(AS2));
 381               		.stabn	68,0,106,.LM3-.LFBB1
 382               	.LM3:
 383 0004 8091 B600 		lds r24,182
 384 0008 8F79      		andi r24,lo8(-97)
 385 000a 8093 B600 		sts 182,r24
 107:main.c        **** 	TCCR2A=(1<<COM2A0)|(1<<WGM21)|(1<<WGM20);
 386               		.stabn	68,0,107,.LM4-.LFBB1
 387               	.LM4:
 388 000e 83E4      		ldi r24,lo8(67)
 389 0010 8093 B000 		sts 176,r24
 108:main.c        **** 	TCCR2B=(1<<WGM22)|(1<<CS20);
 390               		.stabn	68,0,108,.LM5-.LFBB1
 391               	.LM5:
 392 0014 89E0      		ldi r24,lo8(9)
 393 0016 8093 B100 		sts 177,r24
 109:main.c        **** 	OCR2A=0;//(F_CPU)/(2*(X+1))
 394               		.stabn	68,0,109,.LM6-.LFBB1
 395               	.LM6:
 396 001a 1092 B300 		sts 179,__zero_reg__
 110:main.c        **** 	DDRC&=~15;//low d0-d3 camera
 397               		.stabn	68,0,110,.LM7-.LFBB1
 398               	.LM7:
 399 001e 87B1      		in r24,0x7
 400 0020 807F      		andi r24,lo8(-16)
 401 0022 87B9      		out 0x7,r24
 111:main.c        **** 	DDRD&=~252;//d7-d4 and interrupt pins
 402               		.stabn	68,0,111,.LM8-.LFBB1
 403               	.LM8:
 404 0024 8AB1      		in r24,0xa
 405 0026 8370      		andi r24,lo8(3)
 406 0028 8AB9      		out 0xa,r24
 407               	.LBB24:
 408               	.LBB25:
 409               		.stabs	"/usr/lib/avr/include/util/delay.h",132,0,0,.Ltext1
GAS LISTING /tmp/ccghoMv8.s 			page 20


 410               	.Ltext1:
   1:/usr/lib/avr/include/util/delay.h **** /* Copyright (c) 2002, Marek Michalkiewicz
   2:/usr/lib/avr/include/util/delay.h ****    Copyright (c) 2004,2005,2007 Joerg Wunsch
   3:/usr/lib/avr/include/util/delay.h ****    Copyright (c) 2007  Florin-Viorel Petrov
   4:/usr/lib/avr/include/util/delay.h ****    All rights reserved.
   5:/usr/lib/avr/include/util/delay.h **** 
   6:/usr/lib/avr/include/util/delay.h ****    Redistribution and use in source and binary forms, with or without
   7:/usr/lib/avr/include/util/delay.h ****    modification, are permitted provided that the following conditions are met:
   8:/usr/lib/avr/include/util/delay.h **** 
   9:/usr/lib/avr/include/util/delay.h ****    * Redistributions of source code must retain the above copyright
  10:/usr/lib/avr/include/util/delay.h ****      notice, this list of conditions and the following disclaimer.
  11:/usr/lib/avr/include/util/delay.h **** 
  12:/usr/lib/avr/include/util/delay.h ****    * Redistributions in binary form must reproduce the above copyright
  13:/usr/lib/avr/include/util/delay.h ****      notice, this list of conditions and the following disclaimer in
  14:/usr/lib/avr/include/util/delay.h ****      the documentation and/or other materials provided with the
  15:/usr/lib/avr/include/util/delay.h ****      distribution.
  16:/usr/lib/avr/include/util/delay.h **** 
  17:/usr/lib/avr/include/util/delay.h ****    * Neither the name of the copyright holders nor the names of
  18:/usr/lib/avr/include/util/delay.h ****      contributors may be used to endorse or promote products derived
  19:/usr/lib/avr/include/util/delay.h ****      from this software without specific prior written permission.
  20:/usr/lib/avr/include/util/delay.h **** 
  21:/usr/lib/avr/include/util/delay.h ****   THIS SOFTWARE IS PROVIDED BY THE COPYRIGHT HOLDERS AND CONTRIBUTORS "AS IS"
  22:/usr/lib/avr/include/util/delay.h ****   AND ANY EXPRESS OR IMPLIED WARRANTIES, INCLUDING, BUT NOT LIMITED TO, THE
  23:/usr/lib/avr/include/util/delay.h ****   IMPLIED WARRANTIES OF MERCHANTABILITY AND FITNESS FOR A PARTICULAR PURPOSE
  24:/usr/lib/avr/include/util/delay.h ****   ARE DISCLAIMED. IN NO EVENT SHALL THE COPYRIGHT OWNER OR CONTRIBUTORS BE
  25:/usr/lib/avr/include/util/delay.h ****   LIABLE FOR ANY DIRECT, INDIRECT, INCIDENTAL, SPECIAL, EXEMPLARY, OR
  26:/usr/lib/avr/include/util/delay.h ****   CONSEQUENTIAL DAMAGES (INCLUDING, BUT NOT LIMITED TO, PROCUREMENT OF
  27:/usr/lib/avr/include/util/delay.h ****   SUBSTITUTE GOODS OR SERVICES; LOSS OF USE, DATA, OR PROFITS; OR BUSINESS
  28:/usr/lib/avr/include/util/delay.h ****   INTERRUPTION) HOWEVER CAUSED AND ON ANY THEORY OF LIABILITY, WHETHER IN
  29:/usr/lib/avr/include/util/delay.h ****   CONTRACT, STRICT LIABILITY, OR TORT (INCLUDING NEGLIGENCE OR OTHERWISE)
  30:/usr/lib/avr/include/util/delay.h ****   ARISING IN ANY WAY OUT OF THE USE OF THIS SOFTWARE, EVEN IF ADVISED OF THE
  31:/usr/lib/avr/include/util/delay.h ****   POSSIBILITY OF SUCH DAMAGE. */
  32:/usr/lib/avr/include/util/delay.h **** 
  33:/usr/lib/avr/include/util/delay.h **** /* $Id$ */
  34:/usr/lib/avr/include/util/delay.h **** 
  35:/usr/lib/avr/include/util/delay.h **** #ifndef _UTIL_DELAY_H_
  36:/usr/lib/avr/include/util/delay.h **** #define _UTIL_DELAY_H_ 1
  37:/usr/lib/avr/include/util/delay.h **** 
  38:/usr/lib/avr/include/util/delay.h **** #ifndef __HAS_DELAY_CYCLES
  39:/usr/lib/avr/include/util/delay.h **** #define __HAS_DELAY_CYCLES 1
  40:/usr/lib/avr/include/util/delay.h **** #endif
  41:/usr/lib/avr/include/util/delay.h **** 
  42:/usr/lib/avr/include/util/delay.h **** #include <inttypes.h>
  43:/usr/lib/avr/include/util/delay.h **** #include <util/delay_basic.h>
  44:/usr/lib/avr/include/util/delay.h **** #include <math.h>
  45:/usr/lib/avr/include/util/delay.h **** 
  46:/usr/lib/avr/include/util/delay.h **** /** \file */
  47:/usr/lib/avr/include/util/delay.h **** /** \defgroup util_delay <util/delay.h>: Convenience functions for busy-wait delay loops
  48:/usr/lib/avr/include/util/delay.h ****     \code
  49:/usr/lib/avr/include/util/delay.h ****     #define F_CPU 1000000UL  // 1 MHz
  50:/usr/lib/avr/include/util/delay.h ****     //#define F_CPU 14.7456E6
  51:/usr/lib/avr/include/util/delay.h ****     #include <util/delay.h>
  52:/usr/lib/avr/include/util/delay.h ****     \endcode
  53:/usr/lib/avr/include/util/delay.h **** 
  54:/usr/lib/avr/include/util/delay.h ****     \note As an alternative method, it is possible to pass the
  55:/usr/lib/avr/include/util/delay.h ****     F_CPU macro down to the compiler from the Makefile.
  56:/usr/lib/avr/include/util/delay.h ****     Obviously, in that case, no \c \#define statement should be
GAS LISTING /tmp/ccghoMv8.s 			page 21


  57:/usr/lib/avr/include/util/delay.h ****     used.
  58:/usr/lib/avr/include/util/delay.h **** 
  59:/usr/lib/avr/include/util/delay.h ****     The functions in this header file are wrappers around the basic
  60:/usr/lib/avr/include/util/delay.h ****     busy-wait functions from <util/delay_basic.h>.  They are meant as
  61:/usr/lib/avr/include/util/delay.h ****     convenience functions where actual time values can be specified
  62:/usr/lib/avr/include/util/delay.h ****     rather than a number of cycles to wait for.  The idea behind is
  63:/usr/lib/avr/include/util/delay.h ****     that compile-time constant expressions will be eliminated by
  64:/usr/lib/avr/include/util/delay.h ****     compiler optimization so floating-point expressions can be used
  65:/usr/lib/avr/include/util/delay.h ****     to calculate the number of delay cycles needed based on the CPU
  66:/usr/lib/avr/include/util/delay.h ****     frequency passed by the macro F_CPU.
  67:/usr/lib/avr/include/util/delay.h **** 
  68:/usr/lib/avr/include/util/delay.h ****     \note In order for these functions to work as intended, compiler
  69:/usr/lib/avr/include/util/delay.h ****     optimizations <em>must</em> be enabled, and the delay time
  70:/usr/lib/avr/include/util/delay.h ****     <em>must</em> be an expression that is a known constant at
  71:/usr/lib/avr/include/util/delay.h ****     compile-time.  If these requirements are not met, the resulting
  72:/usr/lib/avr/include/util/delay.h ****     delay will be much longer (and basically unpredictable), and
  73:/usr/lib/avr/include/util/delay.h ****     applications that otherwise do not use floating-point calculations
  74:/usr/lib/avr/include/util/delay.h ****     will experience severe code bloat by the floating-point library
  75:/usr/lib/avr/include/util/delay.h ****     routines linked into the application.
  76:/usr/lib/avr/include/util/delay.h **** 
  77:/usr/lib/avr/include/util/delay.h ****     The functions available allow the specification of microsecond, and
  78:/usr/lib/avr/include/util/delay.h ****     millisecond delays directly, using the application-supplied macro
  79:/usr/lib/avr/include/util/delay.h ****     F_CPU as the CPU clock frequency (in Hertz).
  80:/usr/lib/avr/include/util/delay.h **** 
  81:/usr/lib/avr/include/util/delay.h **** */
  82:/usr/lib/avr/include/util/delay.h **** 
  83:/usr/lib/avr/include/util/delay.h **** #if !defined(__DOXYGEN__)
  84:/usr/lib/avr/include/util/delay.h **** static inline void _delay_us(double __us) __attribute__((always_inline));
  85:/usr/lib/avr/include/util/delay.h **** static inline void _delay_ms(double __ms) __attribute__((always_inline));
  86:/usr/lib/avr/include/util/delay.h **** #endif
  87:/usr/lib/avr/include/util/delay.h **** 
  88:/usr/lib/avr/include/util/delay.h **** #ifndef F_CPU
  89:/usr/lib/avr/include/util/delay.h **** /* prevent compiler error by supplying a default */
  90:/usr/lib/avr/include/util/delay.h **** # warning "F_CPU not defined for <util/delay.h>"
  91:/usr/lib/avr/include/util/delay.h **** # define F_CPU 1000000UL
  92:/usr/lib/avr/include/util/delay.h **** #endif
  93:/usr/lib/avr/include/util/delay.h **** 
  94:/usr/lib/avr/include/util/delay.h **** #ifndef __OPTIMIZE__
  95:/usr/lib/avr/include/util/delay.h **** # warning "Compiler optimizations disabled; functions from <util/delay.h> won't work as designed"
  96:/usr/lib/avr/include/util/delay.h **** #endif
  97:/usr/lib/avr/include/util/delay.h **** 
  98:/usr/lib/avr/include/util/delay.h **** #if __HAS_DELAY_CYCLES && defined(__OPTIMIZE__) && \
  99:/usr/lib/avr/include/util/delay.h ****   !defined(__DELAY_BACKWARD_COMPATIBLE__) &&	   \
 100:/usr/lib/avr/include/util/delay.h ****   __STDC_HOSTED__
 101:/usr/lib/avr/include/util/delay.h **** #  include <math.h>
 102:/usr/lib/avr/include/util/delay.h **** #endif
 103:/usr/lib/avr/include/util/delay.h **** 
 104:/usr/lib/avr/include/util/delay.h **** /**
 105:/usr/lib/avr/include/util/delay.h ****    \ingroup util_delay
 106:/usr/lib/avr/include/util/delay.h **** 
 107:/usr/lib/avr/include/util/delay.h ****    Perform a delay of \c __ms milliseconds, using _delay_loop_2().
 108:/usr/lib/avr/include/util/delay.h **** 
 109:/usr/lib/avr/include/util/delay.h ****    The macro F_CPU is supposed to be defined to a
 110:/usr/lib/avr/include/util/delay.h ****    constant defining the CPU clock frequency (in Hertz).
 111:/usr/lib/avr/include/util/delay.h **** 
 112:/usr/lib/avr/include/util/delay.h ****    The maximal possible delay is 262.14 ms / F_CPU in MHz.
 113:/usr/lib/avr/include/util/delay.h **** 
GAS LISTING /tmp/ccghoMv8.s 			page 22


 114:/usr/lib/avr/include/util/delay.h ****    When the user request delay which exceed the maximum possible one,
 115:/usr/lib/avr/include/util/delay.h ****    _delay_ms() provides a decreased resolution functionality. In this
 116:/usr/lib/avr/include/util/delay.h ****    mode _delay_ms() will work with a resolution of 1/10 ms, providing
 117:/usr/lib/avr/include/util/delay.h ****    delays up to 6.5535 seconds (independent from CPU frequency).  The
 118:/usr/lib/avr/include/util/delay.h ****    user will not be informed about decreased resolution.
 119:/usr/lib/avr/include/util/delay.h **** 
 120:/usr/lib/avr/include/util/delay.h ****    If the avr-gcc toolchain has __builtin_avr_delay_cycles(unsigned long)
 121:/usr/lib/avr/include/util/delay.h ****    support, maximal possible delay is 4294967.295 ms/ F_CPU in MHz. For
 122:/usr/lib/avr/include/util/delay.h ****    values greater than the maximal possible delay, overflows results in
 123:/usr/lib/avr/include/util/delay.h ****    no delay i.e., 0ms.
 124:/usr/lib/avr/include/util/delay.h **** 
 125:/usr/lib/avr/include/util/delay.h ****    Conversion of __us into clock cycles may not always result in integer.
 126:/usr/lib/avr/include/util/delay.h ****    By default, the clock cycles rounded up to next integer. This ensures that
 127:/usr/lib/avr/include/util/delay.h ****    the user gets atleast __us microseconds of delay.
 128:/usr/lib/avr/include/util/delay.h **** 
 129:/usr/lib/avr/include/util/delay.h ****    Alternatively, user can define __DELAY_ROUND_DOWN__ and __DELAY_ROUND_CLOSEST__
 130:/usr/lib/avr/include/util/delay.h ****    to round down and round to closest integer.
 131:/usr/lib/avr/include/util/delay.h **** 
 132:/usr/lib/avr/include/util/delay.h ****    Note: The new implementation of _delay_ms(double __ms) with 
 133:/usr/lib/avr/include/util/delay.h ****     __builtin_avr_delay_cycles(unsigned long) support is not backward compatible. 
 134:/usr/lib/avr/include/util/delay.h ****    User can define __DELAY_BACKWARD_COMPATIBLE__ to get a backward compatible delay.
 135:/usr/lib/avr/include/util/delay.h ****    Also, the backward compatible
 136:/usr/lib/avr/include/util/delay.h ****    algorithm will be chosen if the code is compiled in a <em>freestanding
 137:/usr/lib/avr/include/util/delay.h ****    environment</em> (GCC option \c -ffreestanding), as the math functions
 138:/usr/lib/avr/include/util/delay.h ****    required for rounding are not available to the compiler then.
 139:/usr/lib/avr/include/util/delay.h **** 
 140:/usr/lib/avr/include/util/delay.h ****  */
 141:/usr/lib/avr/include/util/delay.h **** void
 142:/usr/lib/avr/include/util/delay.h **** _delay_ms(double __ms)
 143:/usr/lib/avr/include/util/delay.h **** {
 144:/usr/lib/avr/include/util/delay.h **** 	double __tmp ; 
 145:/usr/lib/avr/include/util/delay.h **** #if __HAS_DELAY_CYCLES && defined(__OPTIMIZE__) && \
 146:/usr/lib/avr/include/util/delay.h ****   !defined(__DELAY_BACKWARD_COMPATIBLE__) &&	   \
 147:/usr/lib/avr/include/util/delay.h ****   __STDC_HOSTED__
 148:/usr/lib/avr/include/util/delay.h **** 	uint32_t __ticks_dc;
 149:/usr/lib/avr/include/util/delay.h **** 	extern void __builtin_avr_delay_cycles(unsigned long);
 150:/usr/lib/avr/include/util/delay.h **** 	__tmp = ((F_CPU) / 1e3) * __ms;
 151:/usr/lib/avr/include/util/delay.h **** 
 152:/usr/lib/avr/include/util/delay.h **** 	#if defined(__DELAY_ROUND_DOWN__)
 153:/usr/lib/avr/include/util/delay.h **** 		__ticks_dc = (uint32_t)fabs(__tmp);
 154:/usr/lib/avr/include/util/delay.h **** 
 155:/usr/lib/avr/include/util/delay.h **** 	#elif defined(__DELAY_ROUND_CLOSEST__)
 156:/usr/lib/avr/include/util/delay.h **** 		__ticks_dc = (uint32_t)(fabs(__tmp)+0.5);
 157:/usr/lib/avr/include/util/delay.h **** 
 158:/usr/lib/avr/include/util/delay.h **** 	#else
 159:/usr/lib/avr/include/util/delay.h **** 		//round up by default
 160:/usr/lib/avr/include/util/delay.h **** 		__ticks_dc = (uint32_t)(ceil(fabs(__tmp)));
 161:/usr/lib/avr/include/util/delay.h **** 	#endif
 162:/usr/lib/avr/include/util/delay.h **** 
 163:/usr/lib/avr/include/util/delay.h **** 	__builtin_avr_delay_cycles(__ticks_dc);
 411               		.stabn	68,0,163,.LM9-.LFBB1
 412               	.LM9:
 413 002a 2FEF      		ldi r18,lo8(9599999)
 414 002c 8BE7      		ldi r24,hi8(9599999)
 415 002e 92E9      		ldi r25,hlo8(9599999)
 416 0030 2150      		1: subi r18,1
 417 0032 8040      		sbci r24,0
GAS LISTING /tmp/ccghoMv8.s 			page 23


 418 0034 9040      		sbci r25,0
 419 0036 01F4      		brne 1b
 420 0038 00C0      		rjmp .
 421 003a 0000      		nop
 422               	.LBE25:
 423               	.LBE24:
 424               		.stabs	"main.c",132,0,0,.Ltext2
 425               	.Ltext2:
 112:main.c        **** 	_delay_ms(3000);
 113:main.c        **** 	//set up twi for 100khz
 114:main.c        **** 	TWSR&=~3;//disable prescaler for TWI
 426               		.stabn	68,0,114,.LM10-.LFBB1
 427               	.LM10:
 428 003c 8091 B900 		lds r24,185
 429 0040 8C7F      		andi r24,lo8(-4)
 430 0042 8093 B900 		sts 185,r24
 115:main.c        **** 	TWBR=72;//set to 100khz
 431               		.stabn	68,0,115,.LM11-.LFBB1
 432               	.LM11:
 433 0046 88E4      		ldi r24,lo8(72)
 434 0048 8093 B800 		sts 184,r24
 116:main.c        **** 	//enable serial
 117:main.c        **** 	UBRR0H=0;
 435               		.stabn	68,0,117,.LM12-.LFBB1
 436               	.LM12:
 437 004c 1092 C500 		sts 197,__zero_reg__
 118:main.c        **** 	UBRR0L=1;//0 = 2M baud rate. 1 = 1M baud. 3 = 0.5M. 7 = 250k 207 is 9600 baud rate.
 438               		.stabn	68,0,118,.LM13-.LFBB1
 439               	.LM13:
 440 0050 81E0      		ldi r24,lo8(1)
 441 0052 8093 C400 		sts 196,r24
 119:main.c        **** 	UCSR0A|=2;//double speed aysnc
 442               		.stabn	68,0,119,.LM14-.LFBB1
 443               	.LM14:
 444 0056 8091 C000 		lds r24,192
 445 005a 8260      		ori r24,lo8(2)
 446 005c 8093 C000 		sts 192,r24
 120:main.c        **** 	UCSR0B = (1<<RXEN0)|(1<<TXEN0);//Enable receiver and transmitter
 447               		.stabn	68,0,120,.LM15-.LFBB1
 448               	.LM15:
 449 0060 88E1      		ldi r24,lo8(24)
 450 0062 8093 C100 		sts 193,r24
 121:main.c        **** 	UCSR0C=6;//async 1 stop bit 8bit char no parity bits
 451               		.stabn	68,0,121,.LM16-.LFBB1
 452               	.LM16:
 453 0066 86E0      		ldi r24,lo8(6)
 454 0068 8093 C200 		sts 194,r24
 122:main.c        **** 	camInit();
 455               		.stabn	68,0,122,.LM17-.LFBB1
 456               	.LM17:
 457 006c 0E94 0000 		call camInit
 123:main.c        **** #ifdef useVga
 124:main.c        **** 	setRes(VGA);
 458               		.stabn	68,0,124,.LM18-.LFBB1
 459               	.LM18:
 460 0070 80E0      		ldi r24,0
 461 0072 0E94 0000 		call setRes
GAS LISTING /tmp/ccghoMv8.s 			page 24


 125:main.c        **** 	setColorSpace(BAYER_RGB);
 462               		.stabn	68,0,125,.LM19-.LFBB1
 463               	.LM19:
 464 0076 82E0      		ldi r24,lo8(2)
 465 0078 0E94 0000 		call setColorSpace
 126:main.c        **** 	wrReg(0x11,25);
 466               		.stabn	68,0,126,.LM20-.LFBB1
 467               	.LM20:
 468 007c 69E1      		ldi r22,lo8(25)
 469 007e 81E1      		ldi r24,lo8(17)
 470 0080 0E94 0000 		call wrReg
 471               	.L17:
 101:main.c        **** 	cli();//disable interrupts
 472               		.stabn	68,0,101,.LM21-.LFBB1
 473               	.LM21:
 474 0084 E0E0      		ldi r30,lo8(__c.1826)
 475 0086 F0E0      		ldi r31,hi8(__c.1826)
 476               	.L7:
 477               	.LBB26:
 478               	.LBB27:
 479               	.LBB28:
 480               	.LBB29:
 481               	.LBB30:
  23:main.c        **** 	}while(pgm_read_byte_near(++str));
 482               		.stabn	68,0,23,.LM22-.LFBB1
 483               	.LM22:
 484               	/* #APP */
 485               	 ;  23 "main.c" 1
 486 0088 9491      		lpm r25, Z
 487               		
 488               	 ;  0 "" 2
 489               	/* #NOAPP */
 490               	.L3:
 491               	.LBE30:
 492               	.LBB31:
 493               	.LBB32:
  17:main.c        **** 	UDR0=dat;
 494               		.stabn	68,0,17,.LM23-.LFBB1
 495               	.LM23:
 496 008a 8091 C000 		lds r24,192
 497 008e 85FF      		sbrs r24,5
 498 0090 00C0      		rjmp .L3
  18:main.c        **** 	while(!( UCSR0A & (1<<UDRE0)));//wait for byte to transmit
 499               		.stabn	68,0,18,.LM24-.LFBB1
 500               	.LM24:
 501 0092 9093 C600 		sts 198,r25
 502               	.L5:
  19:main.c        **** }
 503               		.stabn	68,0,19,.LM25-.LFBB1
 504               	.LM25:
 505 0096 8091 C000 		lds r24,192
 506 009a 85FF      		sbrs r24,5
 507 009c 00C0      		rjmp .L5
 508               	.LBE32:
 509               	.LBE31:
 510               	.LBB33:
  24:main.c        **** }
GAS LISTING /tmp/ccghoMv8.s 			page 25


 511               		.stabn	68,0,24,.LM26-.LFBB1
 512               	.LM26:
 513 009e 3196      		adiw r30,1
 514               	/* #APP */
 515               	 ;  24 "main.c" 1
 516 00a0 8491      		lpm r24, Z
 517               		
 518               	 ;  0 "" 2
 519               	/* #NOAPP */
 520               	.LBE33:
 521 00a2 8111      		cpse r24,__zero_reg__
 522 00a4 00C0      		rjmp .L7
 523               	.L9:
 524               	.LBE29:
 525               	.LBE28:
  35:main.c        **** 	while((PIND&8));//wait for low
 526               		.stabn	68,0,35,.LM27-.LFBB1
 527               	.LM27:
 528 00a6 4B9B      		sbis 0x9,3
 529 00a8 00C0      		rjmp .L9
 530               	.L11:
  36:main.c        **** #ifdef useVga
 531               		.stabn	68,0,36,.LM28-.LFBB1
 532               	.LM28:
 533 00aa 4B99      		sbic 0x9,3
 534 00ac 00C0      		rjmp .L11
 535 00ae 40EE      		ldi r20,lo8(-32)
 536 00b0 51E0      		ldi r21,lo8(1)
 537               	.L18:
  40:main.c        **** 			while((PIND&4));//wait for low
 538               		.stabn	68,0,40,.LM29-.LFBB1
 539               	.LM29:
 540 00b2 8FE7      		ldi r24,lo8(127)
 541 00b4 92E0      		ldi r25,lo8(2)
 542               	.L15:
  41:main.c        **** 			UDR0=(PINC&15)|(PIND&240);
 543               		.stabn	68,0,41,.LM30-.LFBB1
 544               	.LM30:
 545 00b6 4A99      		sbic 0x9,2
 546 00b8 00C0      		rjmp .L15
  42:main.c        **** 			while(!(PIND&4));//wait for high
 547               		.stabn	68,0,42,.LM31-.LFBB1
 548               	.LM31:
 549 00ba 36B1      		in r19,0x6
 550 00bc 29B1      		in r18,0x9
 551 00be 207F      		andi r18,lo8(-16)
 552 00c0 3F70      		andi r19,lo8(15)
 553 00c2 232B      		or r18,r19
 554 00c4 2093 C600 		sts 198,r18
 555               	.L14:
  43:main.c        **** 		}
 556               		.stabn	68,0,43,.LM32-.LFBB1
 557               	.LM32:
 558 00c8 4A9B      		sbis 0x9,2
 559 00ca 00C0      		rjmp .L14
  40:main.c        **** 			while((PIND&4));//wait for low
 560               		.stabn	68,0,40,.LM33-.LFBB1
GAS LISTING /tmp/ccghoMv8.s 			page 26


 561               	.LM33:
 562 00cc 9C01      		movw r18,r24
 563 00ce 2150      		subi r18,1
 564 00d0 3109      		sbc r19,__zero_reg__
 565 00d2 892B      		or r24,r25
 566 00d4 01F0      		breq .L22
 567 00d6 C901      		movw r24,r18
 568 00d8 00C0      		rjmp .L15
 569               	.L22:
 570 00da 4150      		subi r20,1
 571 00dc 5109      		sbc r21,__zero_reg__
  38:main.c        **** 		lg2=wg;
 572               		.stabn	68,0,38,.LM34-.LFBB1
 573               	.LM34:
 574 00de 4115      		cp r20,__zero_reg__
 575 00e0 5105      		cpc r21,__zero_reg__
 576 00e2 01F4      		brne .L18
 577 00e4 00C0      		rjmp .L17
 578               	.LBE27:
 579               	.LBE26:
 580               		.size	main, .-main
 581               		.stabs	"str:r(0,48)=*(0,49)=k(0,2)",64,0,21,30
 582               		.stabn	192,0,0,.LBB28-.LFBB1
 583               		.stabs	"__result:r(2,2)",64,0,23,25
 584               		.stabn	192,0,0,.LBB30-.LFBB1
 585               		.stabn	224,0,0,.LBE30-.LFBB1
 586               		.stabn	224,0,0,.LBE28-.LFBB1
 587               	.Lscope1:
 588               		.stabs	"",36,0,0,.Lscope1-.LFBB1
 589               		.stabd	78,0,0
 590               		.section	.progmem.data,"a",@progbits
 591               		.type	__c.1826, @object
 592               		.size	__c.1826, 4
 593               	__c.1826:
 594 0000 5244 5900 		.string	"RDY"
 595               		.text
 596               		.stabs	"",100,0,0,.Letext0
 597               	.Letext0:
 598               		.comm	__gnu_lto_v1,1,1
 599               		.ident	"GCC: (GNU) 4.8.1"
GAS LISTING /tmp/ccghoMv8.s 			page 27


DEFINED SYMBOLS
                            *ABS*:0000000000000000 main.c
     /tmp/ccghoMv8.s:2      *ABS*:000000000000003e __SP_H__
     /tmp/ccghoMv8.s:3      *ABS*:000000000000003d __SP_L__
     /tmp/ccghoMv8.s:4      *ABS*:000000000000003f __SREG__
     /tmp/ccghoMv8.s:5      *ABS*:0000000000000000 __tmp_reg__
     /tmp/ccghoMv8.s:6      *ABS*:0000000000000001 __zero_reg__
     /tmp/ccghoMv8.s:362    .text.startup:0000000000000000 main
     /tmp/ccghoMv8.s:593    .progmem.data:0000000000000000 __c.1826
                            *COM*:0000000000000001 __gnu_lto_v1

UNDEFINED SYMBOLS
camInit
setRes
setColorSpace
wrReg
